<?xml version="1.0" encoding="UTF-8"?>
<!-- Generated by org.testng.reporters.JUnitReportReporter -->
<testsuite hostname="DESKTOP-9KN64C1" failures="0" tests="1" name="test.ShopTest" time="49.701" errors="0" timestamp="2023-07-02T18:53:13 IST" skipped="0">
  <testcase classname="test.ShopTest" name="testshop" time="49.701"/>
  <system-out/>
</testsuite> <!-- test.ShopTest -->
